<?xml version="1.0" encoding="UTF-8"?>
<testsuite xmlns:xsi="http://www.w3.org/2001/XMLSchema-instance" xsi:schemaLocation="https://maven.apache.org/surefire/maven-surefire-plugin/xsd/surefire-test-report.xsd" name="Parallel01IT" time="212.688" tests="72" errors="0" skipped="0" failures="0">
  <properties>
[...]
</properties>
  <testcase name="Given I am login" classname="| Success |" time="0.002"/>
  <testcase name="And I am on Events Browser page" classname="| Success |" time="0"/>
  <testcase name="When I select Success as Status" classname="| Success |" time="0"/>
  <testcase name="And I click Apply" classname="| Success |" time="0"/>
  <testcase name="Then Events Browser page should list all events with Success actions only" classname="| Success |" time="0"/>
  <testcase name="| Success |" classname="| Success |" time="0.915"/>
  <testcase name="Given I am login" classname="| Partially Successful |" time="0"/>
  <testcase name="And I am on Events Browser page" classname="| Partially Successful |" time="0"/>
  <testcase name="When I select Partially Successful as Status" classname="| Partially Successful |" time="0"/>
  <testcase name="And I click Apply" classname="| Partially Successful |" time="0"/>
  <testcase name="Then Events Browser page should list all events with Partially Successful actions only" classname="| Partially Successful |" time="0"/>
  <testcase name="| Partially Successful |" classname="| Partially Successful |" time="0.937"/>
  <testcase name="Given I am login" classname="| Failed |" time="0"/>
  <testcase name="And I am on Events Browser page" classname="| Failed |" time="0.001"/>
  <testcase name="When I select Failed as Status" classname="| Failed |" time="0"/>
  <testcase name="And I click Apply" classname="| Failed |" time="0"/>
  <testcase name="Then Events Browser page should list all events with Failed actions only" classname="| Failed |" time="0"/>
  <testcase name="| Failed |" classname="| Failed |" time="0.953"/>
  <testcase name="Given I am login" classname="| Nagios-Pet | Success |" time="0"/>
  <testcase name="And I am on Events Browser page" classname="| Nagios-Pet | Success |" time="0"/>
  <testcase name="When I select Nagios-Pet as Source" classname="| Nagios-Pet | Success |" time="0"/>
  <testcase name="And I select Success as Status" classname="| Nagios-Pet | Success |" time="0"/>
  <testcase name="And I select Date Range: From 06/01/2019 00:00 To 07/01/2019 00:00" classname="| Nagios-Pet | Success |" time="0"/>
  <testcase name="And I click Apply" classname="| Nagios-Pet | Success |" time="0"/>
  <testcase name="Then Events Browser page should list the events received from 06/01/2019 00:00 to 07/01/2019 00:00 and with Nagios-Pet as source" classname="| Nagios-Pet | Success |" time="0"/>
  <testcase name="And with Success actions only" classname="| Nagios-Pet | Success |" time="0"/>
  <testcase name="| Nagios-Pet | Success |" classname="| Nagios-Pet | Success |" time="0.903"/>
  <testcase name="Given I am login" classname="| Nagios-Pet | Partially Successful |" time="0"/>
  <testcase name="And I am on Events Browser page" classname="| Nagios-Pet | Partially Successful |" time="0"/>
  <testcase name="When I select Nagios-Pet as Source" classname="| Nagios-Pet | Partially Successful |" time="0"/>
  <testcase name="And I select Partially Successful as Status" classname="| Nagios-Pet | Partially Successful |" time="0"/>
  <testcase name="And I select Date Range: From 06/01/2019 00:00 To 07/01/2019 00:00" classname="| Nagios-Pet | Partially Successful |" time="0"/>
  <testcase name="And I click Apply" classname="| Nagios-Pet | Partially Successful |" time="0"/>
  <testcase name="Then Events Browser page should list the events received from 06/01/2019 00:00 to 07/01/2019 00:00 and with Nagios-Pet as source" classname="| Nagios-Pet | Partially Successful |" time="0"/>
  <testcase name="And with Partially Successful actions only" classname="| Nagios-Pet | Partially Successful |" time="0"/>
  <testcase name="| Nagios-Pet | Partially Successful |" classname="| Nagios-Pet | Partially Successful |" time="0.942"/>
  <testcase name="Given I am login" classname="| Nagios-Pet | Failed |" time="0"/>
  <testcase name="And I am on Events Browser page" classname="| Nagios-Pet | Failed |" time="0"/>
  <testcase name="When I select Nagios-Pet as Source" classname="| Nagios-Pet | Failed |" time="0"/>
  <testcase name="And I select Failed as Status" classname="| Nagios-Pet | Failed |" time="0"/>
  <testcase name="And I select Date Range: From 06/01/2019 00:00 To 07/01/2019 00:00" classname="| Nagios-Pet | Failed |" time="0"/>
  <testcase name="And I click Apply" classname="| Nagios-Pet | Failed |" time="0"/>
  <testcase name="Then Events Browser page should list the events received from 06/01/2019 00:00 to 07/01/2019 00:00 and with Nagios-Pet as source" classname="| Nagios-Pet | Failed |" time="0"/>
  <testcase name="And with Failed actions only" classname="| Nagios-Pet | Failed |" time="0"/>
  <testcase name="| Nagios-Pet | Failed |" classname="| Nagios-Pet | Failed |" time="1.04"/>
  <testcase name="Given I am login" classname="| Cisco Meraki | Success |" time="0"/>
  <testcase name="And I am on Events Browser page" classname="| Cisco Meraki | Success |" time="0"/>
  <testcase name="When I select Cisco Meraki as Source" classname="| Cisco Meraki | Success |" time="0"/>
  <testcase name="And I select Success as Status" classname="| Cisco Meraki | Success |" time="0"/>
  <testcase name="And I select Date Range: From 06/01/2019 00:00 To 07/01/2019 00:00" classname="| Cisco Meraki | Success |" time="0"/>
  <testcase name="And I click Apply" classname="| Cisco Meraki | Success |" time="0"/>
  <testcase name="Then Events Browser page should list the events received from 06/01/2019 00:00 to 07/01/2019 00:00 and with Cisco Meraki as source" classname="| Cisco Meraki | Success |" time="0"/>
  <testcase name="And with Success actions only" classname="| Cisco Meraki | Success |" time="0"/>
  <testcase name="| Cisco Meraki | Success |" classname="| Cisco Meraki | Success |" time="0.997"/>
  <testcase name="Given I am login" classname="| Cisco Meraki | Partially Successful |" time="0"/>
  <testcase name="And I am on Events Browser page" classname="| Cisco Meraki | Partially Successful |" time="0"/>
  <testcase name="When I select Cisco Meraki as Source" classname="| Cisco Meraki | Partially Successful |" time="0"/>
  <testcase name="And I select Partially Successful as Status" classname="| Cisco Meraki | Partially Successful |" time="0"/>
  <testcase name="And I select Date Range: From 06/01/2019 00:00 To 07/01/2019 00:00" classname="| Cisco Meraki | Partially Successful |" time="0"/>
  <testcase name="And I click Apply" classname="| Cisco Meraki | Partially Successful |" time="0"/>
  <testcase name="Then Events Browser page should list the events received from 06/01/2019 00:00 to 07/01/2019 00:00 and with Cisco Meraki as source" classname="| Cisco Meraki | Partially Successful |" time="0"/>
  <testcase name="And with Partially Successful actions only" classname="| Cisco Meraki | Partially Successful |" time="0"/>
  <testcase name="| Cisco Meraki | Partially Successful |" classname="| Cisco Meraki | Partially Successful |" time="1.111"/>
  <testcase name="Given I am login" classname="| Cisco Meraki | Failed |" time="0"/>
  <testcase name="And I am on Events Browser page" classname="| Cisco Meraki | Failed |" time="0"/>
  <testcase name="When I select Cisco Meraki as Source" classname="| Cisco Meraki | Failed |" time="0"/>
  <testcase name="And I select Failed as Status" classname="| Cisco Meraki | Failed |" time="0"/>
  <testcase name="And I select Date Range: From 06/01/2019 00:00 To 07/01/2019 00:00" classname="| Cisco Meraki | Failed |" time="0"/>
  <testcase name="And I click Apply" classname="| Cisco Meraki | Failed |" time="0"/>
  <testcase name="Then Events Browser page should list the events received from 06/01/2019 00:00 to 07/01/2019 00:00 and with Cisco Meraki as source" classname="| Cisco Meraki | Failed |" time="0"/>
  <testcase name="And with Failed actions only" classname="| Cisco Meraki | Failed |" time="0"/>
  <testcase name="| Cisco Meraki | Failed |" classname="| Cisco Meraki | Failed |" time="1.05"/>
</testsuite>