<?xml version="1.0" encoding="UTF-8"?>
<testsuite xmlns:xsi="http://www.w3.org/2001/XMLSchema-instance" xsi:schemaLocation="https://maven.apache.org/surefire/maven-surefire-plugin/xsd/surefire-test-report.xsd" name="Parallel01IT" time="255.66" tests="21" errors="0" skipped="0" failures="0">
  <properties>
[...]
</properties>
  <testcase name="Given I am login" classname="| AUT_TestSnowTicketAction1 | Nagios-Pet | Description | Contains | TEST |" time="0.005"/>
  <testcase name="And I am on Create New Filter page" classname="| AUT_TestSnowTicketAction1 | Nagios-Pet | Description | Contains | TEST |" time="0"/>
  <testcase name="When I create a Filter with filter name &quot;AUT_TestSnowTicketAction1&quot; and &quot;Nagios-Pet&quot; as source" classname="| AUT_TestSnowTicketAction1 | Nagios-Pet | Description | Contains | TEST |" time="0"/>
  <testcase name="And with Filter Rule: &quot;Description&quot; &quot;Contains&quot; &quot;TEST&quot;" classname="| AUT_TestSnowTicketAction1 | Nagios-Pet | Description | Contains | TEST |" time="0"/>
  <testcase name="And with Action: Create SNOW Ticket &quot;AUT_TestSnowTicketAction1&quot;" classname="| AUT_TestSnowTicketAction1 | Nagios-Pet | Description | Contains | TEST |" time="0"/>
  <testcase name="Then I should be able to save successfully" classname="| AUT_TestSnowTicketAction1 | Nagios-Pet | Description | Contains | TEST |" time="0"/>
  <testcase name="| AUT_TestSnowTicketAction1 | Nagios-Pet | Description | Contains | TEST |" classname="| AUT_TestSnowTicketAction1 | Nagios-Pet | Description | Contains | TEST |" time="1.934"/>
  <testcase name="Given I am login" classname="| AUT_TestSnowTicketAction2 | Cisco Meraki | IP Address | Begins With | 192 |" time="0"/>
  <testcase name="And I am on Create New Filter page" classname="| AUT_TestSnowTicketAction2 | Cisco Meraki | IP Address | Begins With | 192 |" time="0"/>
  <testcase name="When I create a Filter with filter name &quot;AUT_TestSnowTicketAction2&quot; and &quot;Cisco Meraki&quot; as source" classname="| AUT_TestSnowTicketAction2 | Cisco Meraki | IP Address | Begins With | 192 |" time="0.006"/>
  <testcase name="And with Filter Rule: &quot;IP Address&quot; &quot;Begins With&quot; &quot;192&quot;" classname="| AUT_TestSnowTicketAction2 | Cisco Meraki | IP Address | Begins With | 192 |" time="0"/>
  <testcase name="And with Action: Create SNOW Ticket &quot;AUT_TestSnowTicketAction2&quot;" classname="| AUT_TestSnowTicketAction2 | Cisco Meraki | IP Address | Begins With | 192 |" time="0"/>
  <testcase name="Then I should be able to save successfully" classname="| AUT_TestSnowTicketAction2 | Cisco Meraki | IP Address | Begins With | 192 |" time="0"/>
  <testcase name="| AUT_TestSnowTicketAction2 | Cisco Meraki | IP Address | Begins With | 192 |" classname="| AUT_TestSnowTicketAction2 | Cisco Meraki | IP Address | Begins With | 192 |" time="1.581"/>
  <testcase name="Given I am login" classname="| AUT_TestSnowTicketAction3 | Nagios-Pet | Summarry | Contains | TEST |" time="0"/>
  <testcase name="And I am on Create New Filter page" classname="| AUT_TestSnowTicketAction3 | Nagios-Pet | Summarry | Contains | TEST |" time="0"/>
  <testcase name="When I create a Filter with filter name &quot;AUT_TestSnowTicketAction3&quot; and &quot;Nagios-Pet&quot; as source" classname="| AUT_TestSnowTicketAction3 | Nagios-Pet | Summarry | Contains | TEST |" time="0"/>
  <testcase name="And with Filter Rule: &quot;Summarry&quot; &quot;Contains&quot; &quot;TEST&quot;" classname="| AUT_TestSnowTicketAction3 | Nagios-Pet | Summarry | Contains | TEST |" time="0"/>
  <testcase name="And with Action: Create SNOW Ticket but mandatory fields are left blank &quot;AUT_TestSnowTicketAction3&quot;" classname="| AUT_TestSnowTicketAction3 | Nagios-Pet | Summarry | Contains | TEST |" time="0"/>
  <testcase name="Then I should not be able to save successfully" classname="| AUT_TestSnowTicketAction3 | Nagios-Pet | Summarry | Contains | TEST |" time="0"/>
  <testcase name="| AUT_TestSnowTicketAction3 | Nagios-Pet | Summarry | Contains | TEST |" classname="| AUT_TestSnowTicketAction3 | Nagios-Pet | Summarry | Contains | TEST |" time="1.693"/>
</testsuite>